<?xml version="1.0" encoding="UTF-8"?>
<testsuite xmlns:xsi="http://www.w3.org/2001/XMLSchema-instance" xsi:noNamespaceSchemaLocation="https://maven.apache.org/surefire/maven-surefire-plugin/xsd/surefire-test-report-3.0.xsd" version="3.0" name="edu.cmu.cs.cs214.rec02.IntQueueTest" time="0.037" tests="9" errors="0" skipped="0" failures="0">
  <properties>
    <property name="java.specification.version" value="21"/>
    <property name="sun.jnu.encoding" value="UTF-8"/>
    <property name="java.class.path" value="/Users/jessicajiang/Desktop/CMU/2025 Fall/17514 Principles of Software Construction Objects, Design, and Concurrency/Lab 6/f25-lab06/Java/target/test-classes:/Users/jessicajiang/Desktop/CMU/2025 Fall/17514 Principles of Software Construction Objects, Design, and Concurrency/Lab 6/f25-lab06/Java/target/classes:/Users/jessicajiang/.m2/repository/junit/junit/4.13.2/junit-4.13.2.jar:/Users/jessicajiang/.m2/repository/org/hamcrest/hamcrest-core/1.3/hamcrest-core-1.3.jar:/Users/jessicajiang/Desktop/CMU/2025 Fall/17514 Principles of Software Construction Objects, Design, and Concurrency/Lab 6/f25-lab06/Java/lib/LinkedIntQueue.jar:"/>
    <property name="java.vm.vendor" value="Oracle Corporation"/>
    <property name="sun.arch.data.model" value="64"/>
    <property name="java.vendor.url" value="https://java.oracle.com/"/>
    <property name="os.name" value="Mac OS X"/>
    <property name="java.vm.specification.version" value="21"/>
    <property name="sun.java.launcher" value="SUN_STANDARD"/>
    <property name="user.country" value="CN"/>
    <property name="sun.boot.library.path" value="/Library/Java/JavaVirtualMachines/jdk-21.jdk/Contents/Home/lib"/>
    <property name="sun.java.command" value="/Users/jessicajiang/Desktop/CMU/2025 Fall/17514 Principles of Software Construction Objects, Design, and Concurrency/Lab 6/f25-lab06/Java/target/surefire/surefirebooter-20251003011854223_3.jar /Users/jessicajiang/Desktop/CMU/2025 Fall/17514 Principles of Software Construction Objects, Design, and Concurrency/Lab 6/f25-lab06/Java/target/surefire 2025-10-03T01-18-53_799-jvmRun1 surefire-20251003011854223_1tmp surefire_0-20251003011854223_2tmp"/>
    <property name="http.nonProxyHosts" value="local|*.local|169.254/16|*.169.254/16"/>
    <property name="jdk.debug" value="release"/>
    <property name="surefire.test.class.path" value="/Users/jessicajiang/Desktop/CMU/2025 Fall/17514 Principles of Software Construction Objects, Design, and Concurrency/Lab 6/f25-lab06/Java/target/test-classes:/Users/jessicajiang/Desktop/CMU/2025 Fall/17514 Principles of Software Construction Objects, Design, and Concurrency/Lab 6/f25-lab06/Java/target/classes:/Users/jessicajiang/.m2/repository/junit/junit/4.13.2/junit-4.13.2.jar:/Users/jessicajiang/.m2/repository/org/hamcrest/hamcrest-core/1.3/hamcrest-core-1.3.jar:/Users/jessicajiang/Desktop/CMU/2025 Fall/17514 Principles of Software Construction Objects, Design, and Concurrency/Lab 6/f25-lab06/Java/lib/LinkedIntQueue.jar:"/>
    <property name="sun.cpu.endian" value="little"/>
    <property name="user.home" value="/Users/jessicajiang"/>
    <property name="user.language" value="zh"/>
    <property name="java.specification.vendor" value="Oracle Corporation"/>
    <property name="java.version.date" value="2025-04-15"/>
    <property name="java.home" value="/Library/Java/JavaVirtualMachines/jdk-21.jdk/Contents/Home"/>
    <property name="file.separator" value="/"/>
    <property name="basedir" value="/Users/jessicajiang/Desktop/CMU/2025 Fall/17514 Principles of Software Construction Objects, Design, and Concurrency/Lab 6/f25-lab06/Java"/>
    <property name="java.vm.compressedOopsMode" value="Zero based"/>
    <property name="line.separator" value="&#10;"/>
    <property name="java.vm.specification.vendor" value="Oracle Corporation"/>
    <property name="java.specification.name" value="Java Platform API Specification"/>
    <property name="apple.awt.application.name" value="ForkedBooter"/>
    <property name="surefire.real.class.path" value="/Users/jessicajiang/Desktop/CMU/2025 Fall/17514 Principles of Software Construction Objects, Design, and Concurrency/Lab 6/f25-lab06/Java/target/surefire/surefirebooter-20251003011854223_3.jar"/>
    <property name="user.script" value="Hans"/>
    <property name="sun.management.compiler" value="HotSpot 64-Bit Tiered Compilers"/>
    <property name="ftp.nonProxyHosts" value="local|*.local|169.254/16|*.169.254/16"/>
    <property name="java.runtime.version" value="21.0.7+8-LTS-245"/>
    <property name="user.name" value="jessicajiang"/>
    <property name="stdout.encoding" value="UTF-8"/>
    <property name="path.separator" value=":"/>
    <property name="os.version" value="15.4.1"/>
    <property name="java.runtime.name" value="Java(TM) SE Runtime Environment"/>
    <property name="file.encoding" value="UTF-8"/>
    <property name="java.vm.name" value="Java HotSpot(TM) 64-Bit Server VM"/>
    <property name="localRepository" value="/Users/jessicajiang/.m2/repository"/>
    <property name="java.vendor.url.bug" value="https://bugreport.java.com/bugreport/"/>
    <property name="java.io.tmpdir" value="/var/folders/qp/x8q_963d7jgcgl8jkvg3qlhr0000gn/T/"/>
    <property name="java.version" value="21.0.7"/>
    <property name="user.dir" value="/Users/jessicajiang/Desktop/CMU/2025 Fall/17514 Principles of Software Construction Objects, Design, and Concurrency/Lab 6/f25-lab06/Java"/>
    <property name="os.arch" value="aarch64"/>
    <property name="java.vm.specification.name" value="Java Virtual Machine Specification"/>
    <property name="native.encoding" value="UTF-8"/>
    <property name="java.library.path" value="/Users/jessicajiang/Library/Java/Extensions:/Library/Java/Extensions:/Network/Library/Java/Extensions:/System/Library/Java/Extensions:/usr/lib/java:."/>
    <property name="java.vm.info" value="mixed mode, sharing"/>
    <property name="stderr.encoding" value="UTF-8"/>
    <property name="java.vendor" value="Oracle Corporation"/>
    <property name="java.vm.version" value="21.0.7+8-LTS-245"/>
    <property name="sun.io.unicode.encoding" value="UnicodeBig"/>
    <property name="socksNonProxyHosts" value="local|*.local|169.254/16|*.169.254/16"/>
    <property name="java.class.version" value="65.0"/>
  </properties>
  <testcase name="testNotEmpty" classname="edu.cmu.cs.cs214.rec02.IntQueueTest" time="0.002"/>
  <testcase name="testEnqueue" classname="edu.cmu.cs.cs214.rec02.IntQueueTest" time="0.0"/>
  <testcase name="testClear" classname="edu.cmu.cs.cs214.rec02.IntQueueTest" time="0.0"/>
  <testcase name="testPeekNoEmptyQueue" classname="edu.cmu.cs.cs214.rec02.IntQueueTest" time="0.0"/>
  <testcase name="testEnsureCapacity" classname="edu.cmu.cs.cs214.rec02.IntQueueTest" time="0.0"/>
  <testcase name="testPeekEmptyQueue" classname="edu.cmu.cs.cs214.rec02.IntQueueTest" time="0.0"/>
  <testcase name="testContent" classname="edu.cmu.cs.cs214.rec02.IntQueueTest" time="0.011">
    <system-out><![CDATA[enqueue: 1
enqueue: 5
enqueue: 2
enqueue: 1
enqueue: 4
]]></system-out>
  </testcase>
  <testcase name="testDequeue" classname="edu.cmu.cs.cs214.rec02.IntQueueTest" time="0.0"/>
  <testcase name="testIsEmpty" classname="edu.cmu.cs.cs214.rec02.IntQueueTest" time="0.0"/>
</testsuite>